[debug] ----------------------------------------------------------------------
[debug] Command:      /usr/local/bin/node /usr/local/bin/firebase serve
[debug] CLI Version:  3.6.1
[debug] Platform:     darwin
[debug] Node Version: v7.4.0
[debug] Time:         Sun Apr 16 2017 22:23:16 GMT+0300 (EEST)
[debug] ----------------------------------------------------------------------
[debug] 
[debug] > command requires scopes: ["email","openid","https://www.googleapis.com/auth/cloudplatformprojects.readonly","https://www.googleapis.com/auth/firebase","https://www.googleapis.com/auth/cloud-platform"]
[debug] >>> HTTP REQUEST GET https://admin.firebase.com/v1/projects/mybudget-4202c  
 Sun Apr 16 2017 22:23:16 GMT+0300 (EEST)
[debug] <<< HTTP RESPONSE 200
[debug] >>> HTTP REQUEST GET https://admin.firebase.com/v1/database/mybudget-4202c/tokens  
 Sun Apr 16 2017 22:23:17 GMT+0300 (EEST)
[debug] <<< HTTP RESPONSE 200
[info] Starting Firebase development server...
[info] 
[info] Project Directory: /Users/solomiia/Documents/development/angular-2/my-app/my-budget
[debug] >>> HTTP REQUEST GET https://cloudresourcemanager.googleapis.com/v1/projects/mybudget-4202c  
 Sun Apr 16 2017 22:23:18 GMT+0300 (EEST)
[debug] <<< HTTP RESPONSE 200
[debug] >>> HTTP REQUEST GET https://mobilesdk-pa.googleapis.com/v1/projects/584037351620/clients/_:getWebAppConfig  
 Sun Apr 16 2017 22:23:19 GMT+0300 (EEST)
[debug] <<< HTTP RESPONSE 200
[info] Public Directory: ./
[info] 
[info] Server listening at: http://localhost:5000
